  Client.cpp
E:\Курсовой проект\Client\Client\Client.cpp(100,52): warning C4267: аргумент: преобразование из "size_t" в "int"; возможна потеря данных
E:\Курсовой проект\Client\Client\Client.cpp(116,62): warning C4267: аргумент: преобразование из "size_t" в "int"; возможна потеря данных
E:\Курсовой проект\Client\Client\Client.cpp(117,64): warning C4267: аргумент: преобразование из "size_t" в "int"; возможна потеря данных
E:\Курсовой проект\Client\Client\Client.cpp(146,62): warning C4267: аргумент: преобразование из "size_t" в "int"; возможна потеря данных
E:\Курсовой проект\Client\Client\Client.cpp(147,58): warning C4267: аргумент: преобразование из "size_t" в "int"; возможна потеря данных
E:\Курсовой проект\Client\Client\Client.cpp(148,64): warning C4267: аргумент: преобразование из "size_t" в "int"; возможна потеря данных
E:\Курсовой проект\Client\Client\Client.cpp(180,62): warning C4267: аргумент: преобразование из "size_t" в "int"; возможна потеря данных
E:\Курсовой проект\Client\Client\Client.cpp(181,58): warning C4267: аргумент: преобразование из "size_t" в "int"; возможна потеря данных
E:\Курсовой проект\Client\Client\Client.cpp(182,64): warning C4267: аргумент: преобразование из "size_t" в "int"; возможна потеря данных
E:\Курсовой проект\Client\Client\Client.cpp(202,60): warning C4267: аргумент: преобразование из "size_t" в "int"; возможна потеря данных
E:\Курсовой проект\Client\Client\Client.cpp(203,56): warning C4267: аргумент: преобразование из "size_t" в "int"; возможна потеря данных
E:\Курсовой проект\Client\Client\Client.cpp(332,63): warning C4267: аргумент: преобразование из "size_t" в "int"; возможна потеря данных
E:\Курсовой проект\Client\Client\Client.cpp(333,65): warning C4267: аргумент: преобразование из "size_t" в "int"; возможна потеря данных
E:\Курсовой проект\Client\Client\Client.cpp(357,63): warning C4267: аргумент: преобразование из "size_t" в "int"; возможна потеря данных
E:\Курсовой проект\Client\Client\Client.cpp(358,83): warning C4267: аргумент: преобразование из "size_t" в "int"; возможна потеря данных
E:\Курсовой проект\Client\Client\Client.cpp(359,65): warning C4267: аргумент: преобразование из "size_t" в "int"; возможна потеря данных
E:\Курсовой проект\Client\Client\Client.cpp(375,62): warning C4267: аргумент: преобразование из "size_t" в "int"; возможна потеря данных
E:\Курсовой проект\Client\Client\Client.cpp(399,62): warning C4267: аргумент: преобразование из "size_t" в "int"; возможна потеря данных
E:\Курсовой проект\Client\Client\Client.cpp(416,68): warning C4267: аргумент: преобразование из "size_t" в "int"; возможна потеря данных
E:\Курсовой проект\Client\Client\Client.cpp(486,62): warning C4267: аргумент: преобразование из "size_t" в "int"; возможна потеря данных
E:\Курсовой проект\Client\Client\Client.cpp(523,62): warning C4267: аргумент: преобразование из "size_t" в "int"; возможна потеря данных
E:\Курсовой проект\Client\Client\Client.cpp(531,100): warning C4267: аргумент: преобразование из "size_t" в "int"; возможна потеря данных
E:\Курсовой проект\Client\Client\Client.cpp(538,94): warning C4267: аргумент: преобразование из "size_t" в "int"; возможна потеря данных
E:\Курсовой проект\Client\Client\Client.cpp(545,102): warning C4267: аргумент: преобразование из "size_t" в "int"; возможна потеря данных
E:\Курсовой проект\Client\Client\Client.cpp(556,62): warning C4267: аргумент: преобразование из "size_t" в "int"; возможна потеря данных
E:\Курсовой проект\Client\Client\Client.cpp(588,62): warning C4267: аргумент: преобразование из "size_t" в "int"; возможна потеря данных
E:\Курсовой проект\Client\Client\Client.cpp(603,98): warning C4267: аргумент: преобразование из "size_t" в "int"; возможна потеря данных
E:\Курсовой проект\Client\Client\Client.cpp(610,106): warning C4267: аргумент: преобразование из "size_t" в "int"; возможна потеря данных
E:\Курсовой проект\Client\Client\Client.cpp(625,62): warning C4267: аргумент: преобразование из "size_t" в "int"; возможна потеря данных
  Создание кода
  Previous IPDB not found, fall back to full compilation.
  All 261 functions were compiled because no usable IPDB/IOBJ from previous compilation was found.
  Создание кода завершено
  Client.vcxproj -> E:\Курсовой проект\Client\x64\Release\Client.exe
